<?xml version="1.0" encoding="UTF-8"?>
<!-- Generated by org.testng.reporters.JUnitXMLReporter -->
<testsuite ignored="7" hostname="ThamizhRyzen" failures="0" tests="1" name="Default test" time="0.414" errors="0" timestamp="2023-09-08T17:05:09 IST">
  <testcase classname="mypageTest.BaseTest" name="@BeforeClass setup" time="-1.694172908747E9">
    <failure type="org.testng.TestNGException" message="
Parameter &amp;apos;browser&amp;apos; is required by BeforeClass on method setup but has not been marked @Optional or defined
in C:\Users\User\AppData\Local\Temp\testng-eclipse-1434633726\testng-customsuite.xml">
      <![CDATA[org.testng.TestNGException: 
Parameter 'browser' is required by BeforeClass on method setup but has not been marked @Optional or defined
in C:\Users\User\AppData\Local\Temp\testng-eclipse-1434633726\testng-customsuite.xml
at org.testng.internal.Parameters.createParams(Parameters.java:270)
at org.testng.internal.Parameters.createParametersForMethod(Parameters.java:358)
at org.testng.internal.Parameters.createParameters(Parameters.java:700)
at org.testng.internal.Parameters.createConfigurationParameters(Parameters.java:168)
at org.testng.internal.ConfigInvoker.invokeConfigurations(ConfigInvoker.java:302)
at org.testng.internal.TestMethodWorker.invokeBeforeClassMethods(TestMethodWorker.java:176)
at org.testng.internal.TestMethodWorker.run(TestMethodWorker.java:122)
at java.base/java.util.ArrayList.forEach(ArrayList.java:1511)
at org.testng.TestRunner.privateRun(TestRunner.java:794)
at org.testng.TestRunner.run(TestRunner.java:596)
at org.testng.SuiteRunner.runTest(SuiteRunner.java:377)
at org.testng.SuiteRunner.runSequentially(SuiteRunner.java:371)
at org.testng.SuiteRunner.privateRun(SuiteRunner.java:332)
at org.testng.SuiteRunner.run(SuiteRunner.java:276)
at org.testng.SuiteRunnerWorker.runSuite(SuiteRunnerWorker.java:53)
at org.testng.SuiteRunnerWorker.run(SuiteRunnerWorker.java:96)
at org.testng.TestNG.runSuitesSequentially(TestNG.java:1212)
at org.testng.TestNG.runSuitesLocally(TestNG.java:1134)
at org.testng.TestNG.runSuites(TestNG.java:1063)
at org.testng.TestNG.run(TestNG.java:1031)
at org.testng.remote.AbstractRemoteTestNG.run(AbstractRemoteTestNG.java:115)
at org.testng.remote.RemoteTestNG.initAndRun(RemoteTestNG.java:251)
at org.testng.remote.RemoteTestNG.main(RemoteTestNG.java:77)
]]>
    </failure>
  </testcase> <!-- @BeforeClass setup -->
  <testcase classname="mypageTest.BaseTest" name="@AfterClass teardown" time="-1.694172909099E9">
    <skipped/>
  </testcase> <!-- @AfterClass teardown -->
  <testcase classname="mypageTest.Attendance_Test" name="timesheet_Test" time="0.0">
    <skipped/>
  </testcase> <!-- timesheet_Test -->
  <testcase classname="mypageTest.Attendance_Test" name="loginpage_Test" time="0.0">
    <ignored/>
  </testcase> <!-- loginpage_Test -->
  <testcase classname="mypageTest.Attendance_Test" name="imoffPage_Test" time="0.0">
    <ignored/>
  </testcase> <!-- imoffPage_Test -->
  <testcase classname="mypageTest.Attendance_Test" name="shiftRoasterNew_Test" time="0.0">
    <ignored/>
  </testcase> <!-- shiftRoasterNew_Test -->
  <testcase classname="mypageTest.Attendance_Test" name="editOverTime_Test" time="0.0">
    <ignored/>
  </testcase> <!-- editOverTime_Test -->
  <testcase classname="mypageTest.Attendance_Test" name="editAttendceplan_Test" time="0.0">
    <ignored/>
  </testcase> <!-- editAttendceplan_Test -->
  <testcase classname="mypageTest.Attendance_Test" name="addOverTime_Test" time="0.0">
    <ignored/>
  </testcase> <!-- addOverTime_Test -->
  <testcase classname="mypageTest.Attendance_Test" name="attendancePlan_Test" time="0.0">
    <ignored/>
  </testcase> <!-- attendancePlan_Test -->
</testsuite> <!-- Default test -->
