<?xml version="1.0" encoding="UTF-8"?>
<testng-results ignored="0" total="14" passed="13" failed="1" skipped="0">
  <reporter-output>
  </reporter-output>
  <suite started-at="2023-09-11T17:42:28 IST" name="Suite" finished-at="2023-09-11T17:45:09 IST" duration-ms="161266">
    <groups>
    </groups>
    <test started-at="2023-09-11T17:42:28 IST" name="Test" finished-at="2023-09-11T17:45:09 IST" duration-ms="161266">
      <class name="mypageTest.Attendance_Test">
        <test-method is-config="true" signature="setup(java.lang.String)[pri:0, instance:mypageTest.Attendance_Test@3d246ea3]" started-at="2023-09-11T17:43:04 IST" name="setup" finished-at="2023-09-11T17:43:06 IST" duration-ms="2048" status="PASS">
          <params>
            <param index="0">
              <value>
                <![CDATA[chrome]]>
              </value>
            </param>
          </params>
          <reporter-output>
          </reporter-output>
        </test-method> <!-- setup -->
        <test-method signature="loginpage_Test()[pri:4, instance:mypageTest.Attendance_Test@3d246ea3]" started-at="2023-09-11T17:43:06 IST" name="loginpage_Test" finished-at="2023-09-11T17:43:10 IST" duration-ms="3793" status="PASS">
          <reporter-output>
          </reporter-output>
        </test-method> <!-- loginpage_Test -->
        <test-method signature="attendancePlan_Test()[pri:5, instance:mypageTest.Attendance_Test@3d246ea3]" started-at="2023-09-11T17:43:13 IST" name="attendancePlan_Test" finished-at="2023-09-11T17:43:26 IST" duration-ms="12622" status="PASS">
          <reporter-output>
          </reporter-output>
        </test-method> <!-- attendancePlan_Test -->
        <test-method signature="editAttendceplan_Test()[pri:6, instance:mypageTest.Attendance_Test@3d246ea3]" started-at="2023-09-11T17:43:29 IST" name="editAttendceplan_Test" finished-at="2023-09-11T17:43:37 IST" duration-ms="7942" status="PASS">
          <reporter-output>
          </reporter-output>
        </test-method> <!-- editAttendceplan_Test -->
        <test-method signature="addOverTime_Test()[pri:7, instance:mypageTest.Attendance_Test@3d246ea3]" started-at="2023-09-11T17:43:40 IST" name="addOverTime_Test" finished-at="2023-09-11T17:43:49 IST" duration-ms="9013" status="PASS">
          <reporter-output>
          </reporter-output>
        </test-method> <!-- addOverTime_Test -->
        <test-method signature="editOverTime_Test()[pri:8, instance:mypageTest.Attendance_Test@3d246ea3]" started-at="2023-09-11T17:43:53 IST" name="editOverTime_Test" finished-at="2023-09-11T17:44:00 IST" duration-ms="7436" status="PASS">
          <reporter-output>
          </reporter-output>
        </test-method> <!-- editOverTime_Test -->
        <test-method signature="shiftRoasterNew_Test()[pri:9, instance:mypageTest.Attendance_Test@3d246ea3]" started-at="2023-09-11T17:44:04 IST" name="shiftRoasterNew_Test" finished-at="2023-09-11T17:44:08 IST" duration-ms="4831" status="PASS">
          <reporter-output>
          </reporter-output>
        </test-method> <!-- shiftRoasterNew_Test -->
        <test-method signature="timesheet_Test()[pri:10, instance:mypageTest.Attendance_Test@3d246ea3]" started-at="2023-09-11T17:44:12 IST" name="timesheet_Test" finished-at="2023-09-11T17:44:19 IST" duration-ms="7095" status="PASS">
          <reporter-output>
          </reporter-output>
        </test-method> <!-- timesheet_Test -->
        <test-method signature="imoffPage_Test()[pri:11, instance:mypageTest.Attendance_Test@3d246ea3]" started-at="2023-09-11T17:44:22 IST" name="imoffPage_Test" finished-at="2023-09-11T17:44:34 IST" duration-ms="11895" status="FAIL">
          <exception class="java.lang.AssertionError">
            <message>
              <![CDATA[expected [New I'm Off Setting] but found [New I'm Off Settings]]]>
            </message>
            <full-stacktrace>
              <![CDATA[java.lang.AssertionError: expected [New I'm Off Setting] but found [New I'm Off Settings]
at org.testng.Assert.fail(Assert.java:99)
at org.testng.Assert.failNotEquals(Assert.java:1037)
at org.testng.Assert.assertEqualsImpl(Assert.java:140)
at org.testng.Assert.assertEquals(Assert.java:122)
at org.testng.Assert.assertEquals(Assert.java:629)
at org.testng.Assert.assertEquals(Assert.java:639)
at mypageTest.Attendance_Test.imoffPage_Test(Attendance_Test.java:81)
at java.base/jdk.internal.reflect.NativeMethodAccessorImpl.invoke0(Native Method)
at java.base/jdk.internal.reflect.NativeMethodAccessorImpl.invoke(NativeMethodAccessorImpl.java:77)
at java.base/jdk.internal.reflect.DelegatingMethodAccessorImpl.invoke(DelegatingMethodAccessorImpl.java:43)
at java.base/java.lang.reflect.Method.invoke(Method.java:568)
at org.testng.internal.MethodInvocationHelper.invokeMethod(MethodInvocationHelper.java:133)
at org.testng.internal.TestInvoker.invokeMethod(TestInvoker.java:598)
at org.testng.internal.TestInvoker.invokeTestMethod(TestInvoker.java:173)
at org.testng.internal.MethodRunner.runInSequence(MethodRunner.java:46)
at org.testng.internal.TestInvoker$MethodInvocationAgent.invoke(TestInvoker.java:824)
at org.testng.internal.TestInvoker.invokeTestMethods(TestInvoker.java:146)
at org.testng.internal.TestMethodWorker.invokeTestMethods(TestMethodWorker.java:146)
at org.testng.internal.TestMethodWorker.run(TestMethodWorker.java:128)
at java.base/java.util.ArrayList.forEach(ArrayList.java:1511)
at org.testng.TestRunner.privateRun(TestRunner.java:794)
at org.testng.TestRunner.run(TestRunner.java:596)
at org.testng.SuiteRunner.runTest(SuiteRunner.java:377)
at org.testng.SuiteRunner.runSequentially(SuiteRunner.java:371)
at org.testng.SuiteRunner.privateRun(SuiteRunner.java:332)
at org.testng.SuiteRunner.run(SuiteRunner.java:276)
at org.testng.SuiteRunnerWorker.runSuite(SuiteRunnerWorker.java:53)
at org.testng.SuiteRunnerWorker.run(SuiteRunnerWorker.java:96)
at org.testng.TestNG.runSuitesSequentially(TestNG.java:1212)
at org.testng.TestNG.runSuitesLocally(TestNG.java:1134)
at org.testng.TestNG.runSuites(TestNG.java:1063)
at org.testng.TestNG.run(TestNG.java:1031)
at org.testng.remote.AbstractRemoteTestNG.run(AbstractRemoteTestNG.java:115)
at org.testng.remote.RemoteTestNG.initAndRun(RemoteTestNG.java:251)
at org.testng.remote.RemoteTestNG.main(RemoteTestNG.java:77)
]]>
            </full-stacktrace>
          </exception> <!-- java.lang.AssertionError -->
          <reporter-output>
          </reporter-output>
        </test-method> <!-- imoffPage_Test -->
        <test-method signature="addApprovalWorkflow_Test()[pri:12, instance:mypageTest.Attendance_Test@3d246ea3]" started-at="2023-09-11T17:44:34 IST" name="addApprovalWorkflow_Test" finished-at="2023-09-11T17:44:56 IST" duration-ms="21341" status="PASS">
          <reporter-output>
          </reporter-output>
        </test-method> <!-- addApprovalWorkflow_Test -->
        <test-method signature="editApprovalWorkflow()[pri:13, instance:mypageTest.Attendance_Test@3d246ea3]" started-at="2023-09-11T17:44:59 IST" name="editApprovalWorkflow" finished-at="2023-09-11T17:45:05 IST" duration-ms="6595" status="PASS">
          <reporter-output>
          </reporter-output>
        </test-method> <!-- editApprovalWorkflow -->
        <test-method is-config="true" signature="teardown()[pri:0, instance:mypageTest.Attendance_Test@3d246ea3]" started-at="2023-09-11T17:45:09 IST" name="teardown" finished-at="2023-09-11T17:45:09 IST" duration-ms="448" status="PASS">
          <reporter-output>
          </reporter-output>
        </test-method> <!-- teardown -->
      </class> <!-- mypageTest.Attendance_Test -->
      <class name="mypageTest.Home_Test">
        <test-method is-config="true" signature="setup(java.lang.String)[pri:0, instance:mypageTest.Home_Test@6e005dc9]" started-at="2023-09-11T17:42:28 IST" name="setup" finished-at="2023-09-11T17:42:31 IST" duration-ms="3149" status="PASS">
          <params>
            <param index="0">
              <value>
                <![CDATA[chrome]]>
              </value>
            </param>
          </params>
          <reporter-output>
          </reporter-output>
        </test-method> <!-- setup -->
        <test-method signature="loginpage_Test()[pri:0, instance:mypageTest.Home_Test@6e005dc9]" started-at="2023-09-11T17:42:31 IST" name="loginpage_Test" finished-at="2023-09-11T17:42:36 IST" duration-ms="4412" status="PASS">
          <reporter-output>
          </reporter-output>
        </test-method> <!-- loginpage_Test -->
        <test-method signature="todaystatuspage_Test()[pri:1, instance:mypageTest.Home_Test@6e005dc9]" started-at="2023-09-11T17:42:39 IST" name="todaystatuspage_Test" finished-at="2023-09-11T17:42:45 IST" duration-ms="5696" status="PASS">
          <reporter-output>
          </reporter-output>
        </test-method> <!-- todaystatuspage_Test -->
        <test-method signature="attenddash_Test()[pri:2, instance:mypageTest.Home_Test@6e005dc9]" started-at="2023-09-11T17:42:48 IST" name="attenddash_Test" finished-at="2023-09-11T17:42:53 IST" duration-ms="4488" status="PASS">
          <reporter-output>
          </reporter-output>
        </test-method> <!-- attenddash_Test -->
        <test-method signature="separationdash_Test()[pri:3, instance:mypageTest.Home_Test@6e005dc9]" started-at="2023-09-11T17:42:56 IST" name="separationdash_Test" finished-at="2023-09-11T17:43:01 IST" duration-ms="4397" status="PASS">
          <reporter-output>
          </reporter-output>
        </test-method> <!-- separationdash_Test -->
        <test-method is-config="true" signature="teardown()[pri:0, instance:mypageTest.Home_Test@6e005dc9]" started-at="2023-09-11T17:43:04 IST" name="teardown" finished-at="2023-09-11T17:43:04 IST" duration-ms="399" status="PASS">
          <reporter-output>
          </reporter-output>
        </test-method> <!-- teardown -->
      </class> <!-- mypageTest.Home_Test -->
    </test> <!-- Test -->
  </suite> <!-- Suite -->
</testng-results>
