<?xml version="1.0" encoding="UTF-8"?>
<!-- Generated by org.testng.reporters.JUnitReportReporter -->
<testsuite hostname="ThamizhRyzen" failures="1" tests="10" name="mypageTest.Attendance_Test" time="92.563" errors="0" timestamp="2023-09-11T17:45:10 IST" skipped="0">
  <testcase classname="mypageTest.Attendance_Test" name="loginpage_Test" time="3.793"/>
  <system-out/>
  <testcase classname="mypageTest.Attendance_Test" name="attendancePlan_Test" time="12.622"/>
  <system-out/>
  <testcase classname="mypageTest.Attendance_Test" name="editAttendceplan_Test" time="7.942"/>
  <system-out/>
  <testcase classname="mypageTest.Attendance_Test" name="addOverTime_Test" time="9.013"/>
  <system-out/>
  <testcase classname="mypageTest.Attendance_Test" name="editOverTime_Test" time="7.436"/>
  <system-out/>
  <testcase classname="mypageTest.Attendance_Test" name="shiftRoasterNew_Test" time="4.831"/>
  <system-out/>
  <testcase classname="mypageTest.Attendance_Test" name="timesheet_Test" time="7.095"/>
  <system-out/>
  <testcase classname="mypageTest.Attendance_Test" name="imoffPage_Test" time="11.895">
    <failure message="expected [New I&#039;m Off Setting] but found [New I&#039;m Off Settings]" type="java.lang.AssertionError">
      <![CDATA[java.lang.AssertionError: expected [New I'm Off Setting] but found [New I'm Off Settings]
at org.testng.Assert.fail(Assert.java:99)
at org.testng.Assert.failNotEquals(Assert.java:1037)
at org.testng.Assert.assertEqualsImpl(Assert.java:140)
at org.testng.Assert.assertEquals(Assert.java:122)
at org.testng.Assert.assertEquals(Assert.java:629)
at org.testng.Assert.assertEquals(Assert.java:639)
at mypageTest.Attendance_Test.imoffPage_Test(Attendance_Test.java:81)
at java.base/jdk.internal.reflect.NativeMethodAccessorImpl.invoke0(Native Method)
at java.base/jdk.internal.reflect.NativeMethodAccessorImpl.invoke(NativeMethodAccessorImpl.java:77)
at java.base/jdk.internal.reflect.DelegatingMethodAccessorImpl.invoke(DelegatingMethodAccessorImpl.java:43)
at java.base/java.lang.reflect.Method.invoke(Method.java:568)
at org.testng.internal.MethodInvocationHelper.invokeMethod(MethodInvocationHelper.java:133)
at org.testng.internal.TestInvoker.invokeMethod(TestInvoker.java:598)
at org.testng.internal.TestInvoker.invokeTestMethod(TestInvoker.java:173)
at org.testng.internal.MethodRunner.runInSequence(MethodRunner.java:46)
at org.testng.internal.TestInvoker$MethodInvocationAgent.invoke(TestInvoker.java:824)
at org.testng.internal.TestInvoker.invokeTestMethods(TestInvoker.java:146)
at org.testng.internal.TestMethodWorker.invokeTestMethods(TestMethodWorker.java:146)
at org.testng.internal.TestMethodWorker.run(TestMethodWorker.java:128)
at java.base/java.util.ArrayList.forEach(ArrayList.java:1511)
at org.testng.TestRunner.privateRun(TestRunner.java:794)
at org.testng.TestRunner.run(TestRunner.java:596)
at org.testng.SuiteRunner.runTest(SuiteRunner.java:377)
at org.testng.SuiteRunner.runSequentially(SuiteRunner.java:371)
at org.testng.SuiteRunner.privateRun(SuiteRunner.java:332)
at org.testng.SuiteRunner.run(SuiteRunner.java:276)
at org.testng.SuiteRunnerWorker.runSuite(SuiteRunnerWorker.java:53)
at org.testng.SuiteRunnerWorker.run(SuiteRunnerWorker.java:96)
at org.testng.TestNG.runSuitesSequentially(TestNG.java:1212)
at org.testng.TestNG.runSuitesLocally(TestNG.java:1134)
at org.testng.TestNG.runSuites(TestNG.java:1063)
at org.testng.TestNG.run(TestNG.java:1031)
at org.testng.remote.AbstractRemoteTestNG.run(AbstractRemoteTestNG.java:115)
at org.testng.remote.RemoteTestNG.initAndRun(RemoteTestNG.java:251)
at org.testng.remote.RemoteTestNG.main(RemoteTestNG.java:77)
]]>
    </failure>
  </testcase> <!-- imoffPage_Test -->
  <system-out/>
  <testcase classname="mypageTest.Attendance_Test" name="addApprovalWorkflow_Test" time="21.341"/>
  <system-out/>
  <testcase classname="mypageTest.Attendance_Test" name="editApprovalWorkflow" time="6.595"/>
  <system-out/>
</testsuite> <!-- mypageTest.Attendance_Test -->
